<?xml version="1.0" encoding="UTF-8"?>
<!-- Generated by org.testng.reporters.JUnitXMLReporter -->
<testsuite ignored="0" hostname="DESKTOP-6NRE1G2" failures="2" tests="5" name="Test" time="31.03" errors="0" timestamp="2024-08-30T22:30:24 IST">
  <testcase classname="testCases.verifyRegrestration" name="verifyCompulsaryFieldsOnRegrestrationPage" time="1.448"/>
  <testcase classname="testCases.verifyRegrestration" name="verifyRegistrationWithPasswordMissMatch" time="1.971">
    <failure type="java.lang.AssertionError" message="The following asserts failed:
	expected [https://naveenautomationlabs.com/opencart/index.php?route=account/success] but found [https://naveenautomationlabs.com/opencart/index.php?route=account/register]">
      <![CDATA[java.lang.AssertionError: The following asserts failed:
expected [https://naveenautomationlabs.com/opencart/index.php?route=account/success] but found [https://naveenautomationlabs.com/opencart/index.php?route=account/register]
at resources.commonMethods.handleAssertion(commonMethods.java:17)
at testCases.verifyRegrestration.verifyRegistrationWithPasswordMissMatch(verifyRegrestration.java:90)
at java.base/java.util.ArrayList.forEach(ArrayList.java:1511)
... Removed 29 stack frames]]>
    </failure>
  </testcase> <!-- verifyRegistrationWithPasswordMissMatch -->
  <testcase classname="testCases.verifyRegrestration" name="verifyRegistrationWithValidData" time="2.801"/>
  <testcase classname="testCases.verifyLogin" name="verifyLoginWithInValidData" time="1.197">
    <failure type="java.lang.AssertionError" message="The following asserts failed:
	expected [https://naveenautomationlabs.com/opencart/index.php?route=account/account] but found [https://naveenautomationlabs.com/opencart/index.php?route=account/login]">
      <![CDATA[java.lang.AssertionError: The following asserts failed:
expected [https://naveenautomationlabs.com/opencart/index.php?route=account/account] but found [https://naveenautomationlabs.com/opencart/index.php?route=account/login]
at resources.commonMethods.handleAssertion(commonMethods.java:17)
at testCases.verifyLogin.verifyLoginWithInValidData(verifyLogin.java:54)
at java.base/java.util.ArrayList.forEach(ArrayList.java:1511)
... Removed 29 stack frames]]>
    </failure>
  </testcase> <!-- verifyLoginWithInValidData -->
  <testcase classname="testCases.verifyLogin" name="verifyLoginWithValidData" time="2.281"/>
</testsuite> <!-- Test -->
